Grammar

    0 $accept: calculator $end

    1 calculator: expression
    2           | calculator ',' calculator

    3 expression: NATURAL
    4           | expression '+' expression
    5           | expression '-' expression
    6           | expression '*' expression
    7           | expression '/' expression
    8           | '(' expression ')'
    9           | IF expression THEN expression ELSE expression


Terminals, with rules where they appear

$end (0) 0
'(' (40) 8
')' (41) 8
'*' (42) 6
'+' (43) 4
',' (44) 2
'-' (45) 5
'/' (47) 7
error (256)
NATURAL (258) 3
IF (259) 9
THEN (260) 9
ELSE (261) 9


Nonterminals, with rules where they appear

$accept (14)
    on left: 0
calculator (15)
    on left: 1 2, on right: 0 2
expression (16)
    on left: 3 4 5 6 7 8 9, on right: 1 4 5 6 7 8 9


state 0

    0 $accept: . calculator $end

    NATURAL  shift, and go to state 1
    IF       shift, and go to state 2
    '('      shift, and go to state 3

    calculator  go to state 4
    expression  go to state 5


state 1

    3 expression: NATURAL .

    $default  reduce using rule 3 (expression)


state 2

    9 expression: IF . expression THEN expression ELSE expression

    NATURAL  shift, and go to state 1
    IF       shift, and go to state 2
    '('      shift, and go to state 3

    expression  go to state 6


state 3

    8 expression: '(' . expression ')'

    NATURAL  shift, and go to state 1
    IF       shift, and go to state 2
    '('      shift, and go to state 3

    expression  go to state 7


state 4

    0 $accept: calculator . $end
    2 calculator: calculator . ',' calculator

    $end  shift, and go to state 8
    ','   shift, and go to state 9


state 5

    1 calculator: expression .
    4 expression: expression . '+' expression
    5           | expression . '-' expression
    6           | expression . '*' expression
    7           | expression . '/' expression

    '-'  shift, and go to state 10
    '+'  shift, and go to state 11
    '*'  shift, and go to state 12
    '/'  shift, and go to state 13

    $default  reduce using rule 1 (calculator)


state 6

    4 expression: expression . '+' expression
    5           | expression . '-' expression
    6           | expression . '*' expression
    7           | expression . '/' expression
    9           | IF expression . THEN expression ELSE expression

    THEN  shift, and go to state 14
    '-'   shift, and go to state 10
    '+'   shift, and go to state 11
    '*'   shift, and go to state 12
    '/'   shift, and go to state 13


state 7

    4 expression: expression . '+' expression
    5           | expression . '-' expression
    6           | expression . '*' expression
    7           | expression . '/' expression
    8           | '(' expression . ')'

    '-'  shift, and go to state 10
    '+'  shift, and go to state 11
    '*'  shift, and go to state 12
    '/'  shift, and go to state 13
    ')'  shift, and go to state 15


state 8

    0 $accept: calculator $end .

    $default  accept


state 9

    2 calculator: calculator ',' . calculator

    NATURAL  shift, and go to state 1
    IF       shift, and go to state 2
    '('      shift, and go to state 3

    calculator  go to state 16
    expression  go to state 5


state 10

    5 expression: expression '-' . expression

    NATURAL  shift, and go to state 1
    IF       shift, and go to state 2
    '('      shift, and go to state 3

    expression  go to state 17


state 11

    4 expression: expression '+' . expression

    NATURAL  shift, and go to state 1
    IF       shift, and go to state 2
    '('      shift, and go to state 3

    expression  go to state 18


state 12

    6 expression: expression '*' . expression

    NATURAL  shift, and go to state 1
    IF       shift, and go to state 2
    '('      shift, and go to state 3

    expression  go to state 19


state 13

    7 expression: expression '/' . expression

    NATURAL  shift, and go to state 1
    IF       shift, and go to state 2
    '('      shift, and go to state 3

    expression  go to state 20


state 14

    9 expression: IF expression THEN . expression ELSE expression

    NATURAL  shift, and go to state 1
    IF       shift, and go to state 2
    '('      shift, and go to state 3

    expression  go to state 21


state 15

    8 expression: '(' expression ')' .

    $default  reduce using rule 8 (expression)


state 16

    2 calculator: calculator . ',' calculator
    2           | calculator ',' calculator .

    $default  reduce using rule 2 (calculator)


state 17

    4 expression: expression . '+' expression
    5           | expression . '-' expression
    5           | expression '-' expression .
    6           | expression . '*' expression
    7           | expression . '/' expression

    '*'  shift, and go to state 12
    '/'  shift, and go to state 13

    $default  reduce using rule 5 (expression)


state 18

    4 expression: expression . '+' expression
    4           | expression '+' expression .
    5           | expression . '-' expression
    6           | expression . '*' expression
    7           | expression . '/' expression

    '*'  shift, and go to state 12
    '/'  shift, and go to state 13

    $default  reduce using rule 4 (expression)


state 19

    4 expression: expression . '+' expression
    5           | expression . '-' expression
    6           | expression . '*' expression
    6           | expression '*' expression .
    7           | expression . '/' expression

    $default  reduce using rule 6 (expression)


state 20

    4 expression: expression . '+' expression
    5           | expression . '-' expression
    6           | expression . '*' expression
    7           | expression . '/' expression
    7           | expression '/' expression .

    $default  reduce using rule 7 (expression)


state 21

    4 expression: expression . '+' expression
    5           | expression . '-' expression
    6           | expression . '*' expression
    7           | expression . '/' expression
    9           | IF expression THEN expression . ELSE expression

    ELSE  shift, and go to state 22
    '-'   shift, and go to state 10
    '+'   shift, and go to state 11
    '*'   shift, and go to state 12
    '/'   shift, and go to state 13


state 22

    9 expression: IF expression THEN expression ELSE . expression

    NATURAL  shift, and go to state 1
    IF       shift, and go to state 2
    '('      shift, and go to state 3

    expression  go to state 23


state 23

    4 expression: expression . '+' expression
    5           | expression . '-' expression
    6           | expression . '*' expression
    7           | expression . '/' expression
    9           | IF expression THEN expression ELSE expression .

    '-'  shift, and go to state 10
    '+'  shift, and go to state 11
    '*'  shift, and go to state 12
    '/'  shift, and go to state 13

    $default  reduce using rule 9 (expression)
